<?xml version="1.0" encoding="UTF-8"?>
<!-- Generated by org.testng.reporters.JUnitXMLReporter -->
<testsuite hostname="W10NOY01L-X3AMR" ignored="0" name="Verify Member Files Test" tests="24" failures="2" timestamp="02 Nov 2020 19:18:43 GMT" time="7.664" errors="0">
  <testcase name="verifyFilesTest" time="3.154" classname="testcases.VerifyFilesTest">
    <failure type="java.lang.AssertionError" message="null">
      <![CDATA[java.lang.AssertionError: null
	at testcases.VerifyFilesTest.verifyFilesTest(VerifyFilesTest.java:139)
... Removed 28 stack frames]]>
    </failure>
  </testcase> <!-- verifyFilesTest -->
  <testcase name="verifyFilesTest" time="0.001" classname="testcases.VerifyFilesTest">
    <skipped/>
  </testcase> <!-- verifyFilesTest -->
  <testcase name="verifyFilesTest" time="3.162" classname="testcases.VerifyFilesTest">
    <failure type="java.lang.AssertionError" message="null">
      <![CDATA[java.lang.AssertionError: null
	at testcases.VerifyFilesTest.verifyFilesTest(VerifyFilesTest.java:139)
... Removed 28 stack frames]]>
    </failure>
  </testcase> <!-- verifyFilesTest -->
  <testcase name="verifyFilesTest" time="0.001" classname="testcases.VerifyFilesTest">
    <skipped/>
  </testcase> <!-- verifyFilesTest -->
  <testcase name="verifyFilesTest" time="0.002" classname="testcases.VerifyFilesTest">
    <skipped/>
  </testcase> <!-- verifyFilesTest -->
  <testcase name="verifyFilesTest" time="0.001" classname="testcases.VerifyFilesTest">
    <skipped/>
  </testcase> <!-- verifyFilesTest -->
  <testcase name="verifyFilesTest" time="0.001" classname="testcases.VerifyFilesTest">
    <skipped/>
  </testcase> <!-- verifyFilesTest -->
  <testcase name="verifyFilesTest" time="0.001" classname="testcases.VerifyFilesTest">
    <skipped/>
  </testcase> <!-- verifyFilesTest -->
  <testcase name="verifyFilesTest" time="0.001" classname="testcases.VerifyFilesTest">
    <skipped/>
  </testcase> <!-- verifyFilesTest -->
  <testcase name="verifyFilesTest" time="0.001" classname="testcases.VerifyFilesTest">
    <skipped/>
  </testcase> <!-- verifyFilesTest -->
  <testcase name="verifyFilesTest" time="0.001" classname="testcases.VerifyFilesTest">
    <skipped/>
  </testcase> <!-- verifyFilesTest -->
  <testcase name="verifyFilesTest" time="0.001" classname="testcases.VerifyFilesTest">
    <skipped/>
  </testcase> <!-- verifyFilesTest -->
  <testcase name="verifyFilesTest" time="0.001" classname="testcases.VerifyFilesTest">
    <skipped/>
  </testcase> <!-- verifyFilesTest -->
  <testcase name="verifyFilesTest" time="0.001" classname="testcases.VerifyFilesTest">
    <skipped/>
  </testcase> <!-- verifyFilesTest -->
  <testcase name="verifyFilesTest" time="0.001" classname="testcases.VerifyFilesTest">
    <skipped/>
  </testcase> <!-- verifyFilesTest -->
  <testcase name="verifyFilesTest" time="0.001" classname="testcases.VerifyFilesTest">
    <skipped/>
  </testcase> <!-- verifyFilesTest -->
  <testcase name="verifyFilesTest" time="0.001" classname="testcases.VerifyFilesTest">
    <skipped/>
  </testcase> <!-- verifyFilesTest -->
  <testcase name="verifyFilesTest" time="0.001" classname="testcases.VerifyFilesTest">
    <skipped/>
  </testcase> <!-- verifyFilesTest -->
  <testcase name="verifyFilesTest" time="0.001" classname="testcases.VerifyFilesTest">
    <skipped/>
  </testcase> <!-- verifyFilesTest -->
  <testcase name="verifyFilesTest" time="0.001" classname="testcases.VerifyFilesTest">
    <skipped/>
  </testcase> <!-- verifyFilesTest -->
  <testcase name="verifyFilesTest" time="0.002" classname="testcases.VerifyFilesTest">
    <skipped/>
  </testcase> <!-- verifyFilesTest -->
  <testcase name="verifyFilesTest" time="0.002" classname="testcases.VerifyFilesTest">
    <skipped/>
  </testcase> <!-- verifyFilesTest -->
  <testcase name="verifyFilesTest" time="0.001" classname="testcases.VerifyFilesTest">
    <skipped/>
  </testcase> <!-- verifyFilesTest -->
  <testcase name="verifyFilesTest" time="0.001" classname="testcases.VerifyFilesTest">
    <skipped/>
  </testcase> <!-- verifyFilesTest -->
</testsuite> <!-- Verify Member Files Test -->
