<?xml version="1.0" encoding="UTF-8"?>
<testsuite name="Verify Member Files Test"
           tests="24"
           failures="0"
           errors="0"
           skipped="24"
           time="0.032">
  <properties />
  
            <testcase name="verifyFilesTest" time="0.0" classname="testcases.VerifyFilesTest">
          <skipped />
    </testcase>
            <testcase name="verifyFilesTest" time="0.0" classname="testcases.VerifyFilesTest">
          <skipped />
    </testcase>
            <testcase name="verifyFilesTest" time="0.0" classname="testcases.VerifyFilesTest">
          <skipped />
    </testcase>
            <testcase name="verifyFilesTest" time="0.0" classname="testcases.VerifyFilesTest">
          <skipped />
    </testcase>
            <testcase name="verifyFilesTest" time="0.0" classname="testcases.VerifyFilesTest">
          <skipped />
    </testcase>
            <testcase name="verifyFilesTest" time="0.0" classname="testcases.VerifyFilesTest">
          <skipped />
    </testcase>
            <testcase name="verifyFilesTest" time="0.0" classname="testcases.VerifyFilesTest">
          <skipped />
    </testcase>
            <testcase name="verifyFilesTest" time="0.0" classname="testcases.VerifyFilesTest">
          <skipped />
    </testcase>
            <testcase name="verifyFilesTest" time="0.0" classname="testcases.VerifyFilesTest">
          <skipped />
    </testcase>
            <testcase name="verifyFilesTest" time="0.0" classname="testcases.VerifyFilesTest">
          <skipped />
    </testcase>
            <testcase name="verifyFilesTest" time="0.0" classname="testcases.VerifyFilesTest">
          <skipped />
    </testcase>
            <testcase name="verifyFilesTest" time="0.0" classname="testcases.VerifyFilesTest">
          <skipped />
    </testcase>
            <testcase name="verifyFilesTest" time="0.0" classname="testcases.VerifyFilesTest">
          <skipped />
    </testcase>
            <testcase name="verifyFilesTest" time="0.0" classname="testcases.VerifyFilesTest">
          <skipped />
    </testcase>
            <testcase name="verifyFilesTest" time="0.0" classname="testcases.VerifyFilesTest">
          <skipped />
    </testcase>
            <testcase name="verifyFilesTest" time="0.0" classname="testcases.VerifyFilesTest">
          <skipped />
    </testcase>
            <testcase name="verifyFilesTest" time="0.0" classname="testcases.VerifyFilesTest">
          <skipped />
    </testcase>
            <testcase name="verifyFilesTest" time="0.0" classname="testcases.VerifyFilesTest">
          <skipped />
    </testcase>
            <testcase name="verifyFilesTest" time="0.0" classname="testcases.VerifyFilesTest">
          <skipped />
    </testcase>
            <testcase name="verifyFilesTest" time="0.0" classname="testcases.VerifyFilesTest">
          <skipped />
    </testcase>
            <testcase name="verifyFilesTest" time="0.0" classname="testcases.VerifyFilesTest">
          <skipped />
    </testcase>
            <testcase name="verifyFilesTest" time="0.0" classname="testcases.VerifyFilesTest">
          <skipped />
    </testcase>
            <testcase name="verifyFilesTest" time="0.0" classname="testcases.VerifyFilesTest">
          <skipped />
    </testcase>
            <testcase name="verifyFilesTest" time="0.0" classname="testcases.VerifyFilesTest">
          <skipped />
    </testcase>
  
  
</testsuite>
