<?xml version="1.0" encoding="UTF-8"?>
<testng-results skipped="0" failed="0" total="1" passed="1">
  <reporter-output>
  </reporter-output>
  <suite name="Default suite" duration-ms="19170" started-at="2020-11-22T16:03:03Z" finished-at="2020-11-22T16:03:22Z">
    <groups>
      <group name="cucumber">
        <method signature="AbstractTestNGCucumberTests.feature(cucumber.api.testng.CucumberFeatureWrapper)[pri:0, instance:CucumberFramework.runner.MainRunner@5bd03f44]" name="feature" class="cucumber.api.testng.AbstractTestNGCucumberTests"/>
      </group> <!-- cucumber -->
    </groups>
    <test name="Default test" duration-ms="19170" started-at="2020-11-22T16:03:03Z" finished-at="2020-11-22T16:03:22Z">
      <class name="CucumberFramework.runner.MainRunner">
        <test-method status="PASS" signature="setUpClass()[pri:0, instance:CucumberFramework.runner.MainRunner@5bd03f44]" name="setUpClass" is-config="true" duration-ms="207" started-at="2020-11-22T11:03:03Z" finished-at="2020-11-22T11:03:03Z">
          <reporter-output>
          </reporter-output>
        </test-method> <!-- setUpClass -->
        <test-method status="PASS" signature="feature(cucumber.api.testng.CucumberFeatureWrapper)[pri:0, instance:CucumberFramework.runner.MainRunner@5bd03f44]" name="feature" duration-ms="18647" started-at="2020-11-22T11:03:03Z" description="Runs Cucumber Feature" data-provider="features" finished-at="2020-11-22T11:03:22Z">
          <params>
            <param index="0">
              <value>
                <![CDATA[End to End Testing Module]]>
              </value>
            </param>
          </params>
          <reporter-output>
          </reporter-output>
        </test-method> <!-- feature -->
        <test-method status="PASS" signature="tearDownClass()[pri:0, instance:CucumberFramework.runner.MainRunner@5bd03f44]" name="tearDownClass" is-config="true" duration-ms="244" started-at="2020-11-22T11:03:22Z" finished-at="2020-11-22T11:03:22Z">
          <reporter-output>
          </reporter-output>
        </test-method> <!-- tearDownClass -->
        <test-method status="FAIL" signature="populateTestResults()[pri:0, instance:CucumberFramework.runner.MainRunner@5bd03f44]" name="populateTestResults" is-config="true" duration-ms="0" started-at="2020-11-22T11:03:22Z" finished-at="2020-11-22T11:03:22Z">
          <exception class="TestRail.APIException">
            <message>
              <![CDATA[TestRail API returned HTTP 400("Field :suite_id is a required field.")]]>
            </message>
            <full-stacktrace>
              <![CDATA[TestRail.APIException: TestRail API returned HTTP 400("Field :suite_id is a required field.")
	at TestRail.APIClient.sendRequest(APIClient.java:288)
	at TestRail.APIClient.sendPost(APIClient.java:124)
	at TestRail.TestRun.createTestRun(TestRun.java:48)
	at TestRail.TestResult.populateTestResult(TestResult.java:30)
	at CucumberFramework.runner.MainRunner.populateTestResults(MainRunner.java:22)
	at sun.reflect.NativeMethodAccessorImpl.invoke0(Native Method)
	at sun.reflect.NativeMethodAccessorImpl.invoke(NativeMethodAccessorImpl.java:62)
	at sun.reflect.DelegatingMethodAccessorImpl.invoke(DelegatingMethodAccessorImpl.java:43)
	at java.lang.reflect.Method.invoke(Method.java:498)
	at org.testng.internal.MethodInvocationHelper.invokeMethod(MethodInvocationHelper.java:86)
	at org.testng.internal.Invoker.invokeConfigurationMethod(Invoker.java:514)
	at org.testng.internal.Invoker.invokeConfigurations(Invoker.java:215)
	at org.testng.internal.Invoker.invokeConfigurations(Invoker.java:142)
	at org.testng.SuiteRunner.privateRun(SuiteRunner.java:336)
	at org.testng.SuiteRunner.run(SuiteRunner.java:268)
	at org.testng.SuiteRunnerWorker.runSuite(SuiteRunnerWorker.java:52)
	at org.testng.SuiteRunnerWorker.run(SuiteRunnerWorker.java:86)
	at org.testng.TestNG.runSuitesSequentially(TestNG.java:1244)
	at org.testng.TestNG.runSuitesLocally(TestNG.java:1169)
	at org.testng.TestNG.run(TestNG.java:1064)
	at org.testng.remote.AbstractRemoteTestNG.run(AbstractRemoteTestNG.java:115)
	at org.testng.remote.RemoteTestNG.initAndRun(RemoteTestNG.java:251)
	at org.testng.remote.RemoteTestNG.main(RemoteTestNG.java:77)
]]>
            </full-stacktrace>
          </exception> <!-- TestRail.APIException -->
          <reporter-output>
          </reporter-output>
        </test-method> <!-- populateTestResults -->
      </class> <!-- CucumberFramework.runner.MainRunner -->
    </test> <!-- Default test -->
  </suite> <!-- Default suite -->
</testng-results>
