<?xml version="1.0" encoding="UTF-8"?>
<!-- Generated by org.testng.reporters.JUnitXMLReporter -->
<testsuite hostname="W10NOY01L-X3AMR" ignored="0" name="Add Customer Test" tests="13" failures="0" timestamp="30 Sep 2020 17:20:24 GMT" time="49.679" errors="0">
  <testcase name="addCustomer" time="3.985" classname="testcases.AddCustomerTest"/>
  <testcase name="addCustomer" time="3.85" classname="testcases.AddCustomerTest"/>
  <testcase name="addCustomer" time="3.847" classname="testcases.AddCustomerTest"/>
  <testcase name="addCustomer" time="3.815" classname="testcases.AddCustomerTest"/>
  <testcase name="addCustomer" time="3.829" classname="testcases.AddCustomerTest"/>
  <testcase name="addCustomer" time="3.793" classname="testcases.AddCustomerTest"/>
  <testcase name="addCustomer" time="3.843" classname="testcases.AddCustomerTest"/>
  <testcase name="addCustomer" time="3.763" classname="testcases.AddCustomerTest"/>
  <testcase name="addCustomer" time="3.818" classname="testcases.AddCustomerTest"/>
  <testcase name="addCustomer" time="3.771" classname="testcases.AddCustomerTest"/>
  <testcase name="addCustomer" time="3.74" classname="testcases.AddCustomerTest"/>
  <testcase name="addCustomer" time="3.782" classname="testcases.AddCustomerTest"/>
  <testcase name="addCustomer" time="3.821" classname="testcases.AddCustomerTest"/>
</testsuite> <!-- Add Customer Test -->
