<?xml version="1.0" encoding="UTF-8"?>
<!-- Generated by org.testng.reporters.JUnitXMLReporter -->
<testsuite hostname="W10NOY01L-X3AMR" ignored="0" name="Validate Member Data" tests="1" failures="1" timestamp="25 Sep 2020 23:29:56 GMT" time="0.01" errors="0">
  <testcase name="validateMember" time="0.009" classname="testcases.ValidateMemberData">
    <failure type="org.testng.internal.reflect.MethodMatcherException" message="
Data provider mismatch
Method: validateMember([Parameter{index=0, type=java.lang.String, declaredAnnotations=[]}, Parameter{index=1, type=java.lang.String, declaredAnnotations=[]}, Parameter{index=2, type=java.lang.String, declaredAnnotations=[]}])
Arguments: [(java.lang.String)Shena,(java.lang.String) Riff,(java.lang.String)M1W2G5,(java.lang.String),(java.lang.String),(java.lang.String)]">
      <![CDATA[org.testng.internal.reflect.MethodMatcherException: 
Data provider mismatch
Method: validateMember([Parameter{index=0, type=java.lang.String, declaredAnnotations=[]}, Parameter{index=1, type=java.lang.String, declaredAnnotations=[]}, Parameter{index=2, type=java.lang.String, declaredAnnotations=[]}])
Arguments: [(java.lang.String)Shena,(java.lang.String) Riff,(java.lang.String)M1W2G5,(java.lang.String),(java.lang.String),(java.lang.String)]
... Removed 20 stack frames]]>
    </failure>
  </testcase> <!-- validateMember -->
</testsuite> <!-- Validate Member Data -->
