<?xml version="1.0" encoding="UTF-8"?>
<!-- Generated by org.testng.reporters.JUnitXMLReporter -->
<testsuite hostname="W10NOY01L-X3AMR" ignored="0" name="Verify Member Files Test" tests="24" failures="0" timestamp="12 Nov 2020 15:31:48 GMT" time="0.709" errors="0">
  <testcase name="verifyFilesTest" time="0.004" classname="testcases.VerifyFilesTest">
    <skipped/>
  </testcase> <!-- verifyFilesTest -->
  <testcase name="verifyFilesTest" time="0.002" classname="testcases.VerifyFilesTest">
    <skipped/>
  </testcase> <!-- verifyFilesTest -->
  <testcase name="verifyFilesTest" time="0.002" classname="testcases.VerifyFilesTest">
    <skipped/>
  </testcase> <!-- verifyFilesTest -->
  <testcase name="verifyFilesTest" time="0.002" classname="testcases.VerifyFilesTest">
    <skipped/>
  </testcase> <!-- verifyFilesTest -->
  <testcase name="verifyFilesTest" time="0.002" classname="testcases.VerifyFilesTest">
    <skipped/>
  </testcase> <!-- verifyFilesTest -->
  <testcase name="verifyFilesTest" time="0.001" classname="testcases.VerifyFilesTest">
    <skipped/>
  </testcase> <!-- verifyFilesTest -->
  <testcase name="verifyFilesTest" time="0.001" classname="testcases.VerifyFilesTest">
    <skipped/>
  </testcase> <!-- verifyFilesTest -->
  <testcase name="verifyFilesTest" time="0.001" classname="testcases.VerifyFilesTest">
    <skipped/>
  </testcase> <!-- verifyFilesTest -->
  <testcase name="verifyFilesTest" time="0.001" classname="testcases.VerifyFilesTest">
    <skipped/>
  </testcase> <!-- verifyFilesTest -->
  <testcase name="verifyFilesTest" time="0.001" classname="testcases.VerifyFilesTest">
    <skipped/>
  </testcase> <!-- verifyFilesTest -->
  <testcase name="verifyFilesTest" time="0.002" classname="testcases.VerifyFilesTest">
    <skipped/>
  </testcase> <!-- verifyFilesTest -->
  <testcase name="verifyFilesTest" time="0.002" classname="testcases.VerifyFilesTest">
    <skipped/>
  </testcase> <!-- verifyFilesTest -->
  <testcase name="verifyFilesTest" time="0.001" classname="testcases.VerifyFilesTest">
    <skipped/>
  </testcase> <!-- verifyFilesTest -->
  <testcase name="verifyFilesTest" time="0.001" classname="testcases.VerifyFilesTest">
    <skipped/>
  </testcase> <!-- verifyFilesTest -->
  <testcase name="verifyFilesTest" time="0.001" classname="testcases.VerifyFilesTest">
    <skipped/>
  </testcase> <!-- verifyFilesTest -->
  <testcase name="verifyFilesTest" time="0.001" classname="testcases.VerifyFilesTest">
    <skipped/>
  </testcase> <!-- verifyFilesTest -->
  <testcase name="verifyFilesTest" time="0.001" classname="testcases.VerifyFilesTest">
    <skipped/>
  </testcase> <!-- verifyFilesTest -->
  <testcase name="verifyFilesTest" time="0.001" classname="testcases.VerifyFilesTest">
    <skipped/>
  </testcase> <!-- verifyFilesTest -->
  <testcase name="verifyFilesTest" time="0.001" classname="testcases.VerifyFilesTest">
    <skipped/>
  </testcase> <!-- verifyFilesTest -->
  <testcase name="verifyFilesTest" time="0.001" classname="testcases.VerifyFilesTest">
    <skipped/>
  </testcase> <!-- verifyFilesTest -->
  <testcase name="verifyFilesTest" time="0.001" classname="testcases.VerifyFilesTest">
    <skipped/>
  </testcase> <!-- verifyFilesTest -->
  <testcase name="verifyFilesTest" time="0.0" classname="testcases.VerifyFilesTest">
    <skipped/>
  </testcase> <!-- verifyFilesTest -->
  <testcase name="verifyFilesTest" time="0.001" classname="testcases.VerifyFilesTest">
    <skipped/>
  </testcase> <!-- verifyFilesTest -->
  <testcase name="verifyFilesTest" time="0.001" classname="testcases.VerifyFilesTest">
    <skipped/>
  </testcase> <!-- verifyFilesTest -->
</testsuite> <!-- Verify Member Files Test -->
