<?xml version="1.0" encoding="UTF-8"?>
<!-- Generated by org.testng.reporters.JUnitXMLReporter -->
<testsuite hostname="W10NOY01L-X3AMR" ignored="0" name="Verify ML Case Files Test" tests="58" failures="1" timestamp="17 Nov 2020 15:02:02 GMT" time="5.397" errors="0">
  <testcase name="verifyMLFilesTest" time="3.752" classname="testcases.VerifyMLFilesTest">
    <failure type="java.lang.AssertionError" message="null">
      <![CDATA[java.lang.AssertionError: null
	at testcases.VerifyMLFilesTest.verifyMLFilesTest(VerifyMLFilesTest.java:224)
... Removed 27 stack frames]]>
    </failure>
  </testcase> <!-- verifyMLFilesTest -->
  <testcase name="verifyMLFilesTest" time="0.002" classname="testcases.VerifyMLFilesTest">
    <skipped/>
  </testcase> <!-- verifyMLFilesTest -->
  <testcase name="verifyMLFilesTest" time="0.001" classname="testcases.VerifyMLFilesTest">
    <skipped/>
  </testcase> <!-- verifyMLFilesTest -->
  <testcase name="verifyMLFilesTest" time="0.001" classname="testcases.VerifyMLFilesTest">
    <skipped/>
  </testcase> <!-- verifyMLFilesTest -->
  <testcase name="verifyMLFilesTest" time="0.001" classname="testcases.VerifyMLFilesTest">
    <skipped/>
  </testcase> <!-- verifyMLFilesTest -->
  <testcase name="verifyMLFilesTest" time="0.001" classname="testcases.VerifyMLFilesTest">
    <skipped/>
  </testcase> <!-- verifyMLFilesTest -->
  <testcase name="verifyMLFilesTest" time="0.001" classname="testcases.VerifyMLFilesTest">
    <skipped/>
  </testcase> <!-- verifyMLFilesTest -->
  <testcase name="verifyMLFilesTest" time="0.002" classname="testcases.VerifyMLFilesTest">
    <skipped/>
  </testcase> <!-- verifyMLFilesTest -->
  <testcase name="verifyMLFilesTest" time="0.001" classname="testcases.VerifyMLFilesTest">
    <skipped/>
  </testcase> <!-- verifyMLFilesTest -->
  <testcase name="verifyMLFilesTest" time="0.001" classname="testcases.VerifyMLFilesTest">
    <skipped/>
  </testcase> <!-- verifyMLFilesTest -->
  <testcase name="verifyMLFilesTest" time="0.001" classname="testcases.VerifyMLFilesTest">
    <skipped/>
  </testcase> <!-- verifyMLFilesTest -->
  <testcase name="verifyMLFilesTest" time="0.001" classname="testcases.VerifyMLFilesTest">
    <skipped/>
  </testcase> <!-- verifyMLFilesTest -->
  <testcase name="verifyMLFilesTest" time="0.001" classname="testcases.VerifyMLFilesTest">
    <skipped/>
  </testcase> <!-- verifyMLFilesTest -->
  <testcase name="verifyMLFilesTest" time="0.001" classname="testcases.VerifyMLFilesTest">
    <skipped/>
  </testcase> <!-- verifyMLFilesTest -->
  <testcase name="verifyMLFilesTest" time="0.001" classname="testcases.VerifyMLFilesTest">
    <skipped/>
  </testcase> <!-- verifyMLFilesTest -->
  <testcase name="verifyMLFilesTest" time="0.001" classname="testcases.VerifyMLFilesTest">
    <skipped/>
  </testcase> <!-- verifyMLFilesTest -->
  <testcase name="verifyMLFilesTest" time="0.001" classname="testcases.VerifyMLFilesTest">
    <skipped/>
  </testcase> <!-- verifyMLFilesTest -->
  <testcase name="verifyMLFilesTest" time="0.001" classname="testcases.VerifyMLFilesTest">
    <skipped/>
  </testcase> <!-- verifyMLFilesTest -->
  <testcase name="verifyMLFilesTest" time="0.001" classname="testcases.VerifyMLFilesTest">
    <skipped/>
  </testcase> <!-- verifyMLFilesTest -->
  <testcase name="verifyMLFilesTest" time="0.001" classname="testcases.VerifyMLFilesTest">
    <skipped/>
  </testcase> <!-- verifyMLFilesTest -->
  <testcase name="verifyMLFilesTest" time="0.001" classname="testcases.VerifyMLFilesTest">
    <skipped/>
  </testcase> <!-- verifyMLFilesTest -->
  <testcase name="verifyMLFilesTest" time="0.001" classname="testcases.VerifyMLFilesTest">
    <skipped/>
  </testcase> <!-- verifyMLFilesTest -->
  <testcase name="verifyMLFilesTest" time="0.001" classname="testcases.VerifyMLFilesTest">
    <skipped/>
  </testcase> <!-- verifyMLFilesTest -->
  <testcase name="verifyMLFilesTest" time="0.001" classname="testcases.VerifyMLFilesTest">
    <skipped/>
  </testcase> <!-- verifyMLFilesTest -->
  <testcase name="verifyMLFilesTest" time="0.001" classname="testcases.VerifyMLFilesTest">
    <skipped/>
  </testcase> <!-- verifyMLFilesTest -->
  <testcase name="verifyMLFilesTest" time="0.001" classname="testcases.VerifyMLFilesTest">
    <skipped/>
  </testcase> <!-- verifyMLFilesTest -->
  <testcase name="verifyMLFilesTest" time="0.001" classname="testcases.VerifyMLFilesTest">
    <skipped/>
  </testcase> <!-- verifyMLFilesTest -->
  <testcase name="verifyMLFilesTest" time="0.001" classname="testcases.VerifyMLFilesTest">
    <skipped/>
  </testcase> <!-- verifyMLFilesTest -->
  <testcase name="verifyMLFilesTest" time="0.001" classname="testcases.VerifyMLFilesTest">
    <skipped/>
  </testcase> <!-- verifyMLFilesTest -->
  <testcase name="verifyMLFilesTest" time="0.0" classname="testcases.VerifyMLFilesTest">
    <skipped/>
  </testcase> <!-- verifyMLFilesTest -->
  <testcase name="verifyMLFilesTest" time="0.0" classname="testcases.VerifyMLFilesTest">
    <skipped/>
  </testcase> <!-- verifyMLFilesTest -->
  <testcase name="verifyMLFilesTest" time="0.001" classname="testcases.VerifyMLFilesTest">
    <skipped/>
  </testcase> <!-- verifyMLFilesTest -->
  <testcase name="verifyMLFilesTest" time="0.001" classname="testcases.VerifyMLFilesTest">
    <skipped/>
  </testcase> <!-- verifyMLFilesTest -->
  <testcase name="verifyMLFilesTest" time="0.001" classname="testcases.VerifyMLFilesTest">
    <skipped/>
  </testcase> <!-- verifyMLFilesTest -->
  <testcase name="verifyMLFilesTest" time="0.001" classname="testcases.VerifyMLFilesTest">
    <skipped/>
  </testcase> <!-- verifyMLFilesTest -->
  <testcase name="verifyMLFilesTest" time="0.0" classname="testcases.VerifyMLFilesTest">
    <skipped/>
  </testcase> <!-- verifyMLFilesTest -->
  <testcase name="verifyMLFilesTest" time="0.001" classname="testcases.VerifyMLFilesTest">
    <skipped/>
  </testcase> <!-- verifyMLFilesTest -->
  <testcase name="verifyMLFilesTest" time="0.001" classname="testcases.VerifyMLFilesTest">
    <skipped/>
  </testcase> <!-- verifyMLFilesTest -->
  <testcase name="verifyMLFilesTest" time="0.001" classname="testcases.VerifyMLFilesTest">
    <skipped/>
  </testcase> <!-- verifyMLFilesTest -->
  <testcase name="verifyMLFilesTest" time="0.001" classname="testcases.VerifyMLFilesTest">
    <skipped/>
  </testcase> <!-- verifyMLFilesTest -->
  <testcase name="verifyMLFilesTest" time="0.0" classname="testcases.VerifyMLFilesTest">
    <skipped/>
  </testcase> <!-- verifyMLFilesTest -->
  <testcase name="verifyMLFilesTest" time="0.001" classname="testcases.VerifyMLFilesTest">
    <skipped/>
  </testcase> <!-- verifyMLFilesTest -->
  <testcase name="verifyMLFilesTest" time="0.001" classname="testcases.VerifyMLFilesTest">
    <skipped/>
  </testcase> <!-- verifyMLFilesTest -->
  <testcase name="verifyMLFilesTest" time="0.001" classname="testcases.VerifyMLFilesTest">
    <skipped/>
  </testcase> <!-- verifyMLFilesTest -->
  <testcase name="verifyMLFilesTest" time="0.0" classname="testcases.VerifyMLFilesTest">
    <skipped/>
  </testcase> <!-- verifyMLFilesTest -->
  <testcase name="verifyMLFilesTest" time="0.001" classname="testcases.VerifyMLFilesTest">
    <skipped/>
  </testcase> <!-- verifyMLFilesTest -->
  <testcase name="verifyMLFilesTest" time="0.001" classname="testcases.VerifyMLFilesTest">
    <skipped/>
  </testcase> <!-- verifyMLFilesTest -->
  <testcase name="verifyMLFilesTest" time="0.001" classname="testcases.VerifyMLFilesTest">
    <skipped/>
  </testcase> <!-- verifyMLFilesTest -->
  <testcase name="verifyMLFilesTest" time="0.001" classname="testcases.VerifyMLFilesTest">
    <skipped/>
  </testcase> <!-- verifyMLFilesTest -->
  <testcase name="verifyMLFilesTest" time="0.001" classname="testcases.VerifyMLFilesTest">
    <skipped/>
  </testcase> <!-- verifyMLFilesTest -->
  <testcase name="verifyMLFilesTest" time="0.0" classname="testcases.VerifyMLFilesTest">
    <skipped/>
  </testcase> <!-- verifyMLFilesTest -->
  <testcase name="verifyMLFilesTest" time="0.001" classname="testcases.VerifyMLFilesTest">
    <skipped/>
  </testcase> <!-- verifyMLFilesTest -->
  <testcase name="verifyMLFilesTest" time="0.001" classname="testcases.VerifyMLFilesTest">
    <skipped/>
  </testcase> <!-- verifyMLFilesTest -->
  <testcase name="verifyMLFilesTest" time="0.0" classname="testcases.VerifyMLFilesTest">
    <skipped/>
  </testcase> <!-- verifyMLFilesTest -->
  <testcase name="verifyMLFilesTest" time="0.001" classname="testcases.VerifyMLFilesTest">
    <skipped/>
  </testcase> <!-- verifyMLFilesTest -->
  <testcase name="verifyMLFilesTest" time="0.001" classname="testcases.VerifyMLFilesTest">
    <skipped/>
  </testcase> <!-- verifyMLFilesTest -->
  <testcase name="verifyMLFilesTest" time="0.001" classname="testcases.VerifyMLFilesTest">
    <skipped/>
  </testcase> <!-- verifyMLFilesTest -->
  <testcase name="verifyMLFilesTest" time="0.0" classname="testcases.VerifyMLFilesTest">
    <skipped/>
  </testcase> <!-- verifyMLFilesTest -->
</testsuite> <!-- Verify ML Case Files Test -->
